2024-07-21 08:26:50 [32minfo[39m: 	[32mServer running on port http://localhost:6000[39m
2024-07-21 08:26:51 [32minfo[39m: 	[32mDatabase connected successfully[39m
2024-07-21 08:27:58 [32minfo[39m: 	[32mServer running on port http://localhost:6000[39m
2024-07-21 08:27:59 [32minfo[39m: 	[32mDatabase connected successfully[39m
2024-07-21 08:29:08 [32minfo[39m: 	[32mServer running on port http://localhost:6000[39m
2024-07-21 08:29:09 [32minfo[39m: 	[32mDatabase connected successfully[39m
2024-07-21 09:38:32 [32minfo[39m: 	[32mServer running on port http://localhost:6000[39m
2024-07-21 09:38:37 [32minfo[39m: 	[32mDatabase connected successfully[39m
2024-07-21 09:39:26 [32minfo[39m: 	[32mServer is Initialized[39m
2024-07-21 09:51:06 [32minfo[39m: 	[32mServer running on port http://localhost:6000[39m
2024-07-21 09:51:09 [32minfo[39m: 	[32mDatabase connected successfully[39m
2024-07-21 09:51:13 [32minfo[39m: 	[32mUser registered successfully[39m
2024-07-21 09:57:01 [32minfo[39m: 	[32mServer running on port http://localhost:6000[39m
2024-07-21 09:57:04 [32minfo[39m: 	[32mDatabase connected successfully[39m
2024-07-21 09:59:30 [32minfo[39m: 	[32mServer running on port http://localhost:6000[39m
2024-07-21 09:59:33 [32minfo[39m: 	[32mDatabase connected successfully[39m
2024-07-21 10:02:15 [32minfo[39m: 	[32mUser registered successfully[39m
2024-07-21 10:13:30 [32minfo[39m: 	[32mServer running on port http://localhost:6000[39m
2024-07-21 10:13:33 [32minfo[39m: 	[32mDatabase connected successfully[39m
2024-07-21 10:15:04 [32minfo[39m: 	[32mServer running on port http://localhost:6000[39m
2024-07-21 10:15:07 [32minfo[39m: 	[32mDatabase connected successfully[39m
2024-07-21 10:21:11 [32minfo[39m: 	[32mUser logged in successfully[39m
2024-07-21 10:23:34 [32minfo[39m: 	[32mServer running on port http://localhost:6000[39m
2024-07-21 10:23:37 [32minfo[39m: 	[32mDatabase connected successfully[39m
